<?xml version="1.0" encoding="utf-8"?><testsuites name="pytest tests"><testsuite name="pytest" errors="0" failures="0" skipped="0" tests="12" time="2.823" timestamp="2026-04-14T16:33:28.629310+00:00" hostname="agent-env-d48f22b9-a988-4d20-9672-9b71ab9ced2b"><testcase classname="backend.tests.test_crypto_backtest.TestCryptoEndpoints" name="test_crypto_prices_returns_coins" time="0.326" /><testcase classname="backend.tests.test_crypto_backtest.TestCryptoEndpoints" name="test_crypto_chart_bitcoin" time="0.209" /><testcase classname="backend.tests.test_crypto_backtest.TestCryptoEndpoints" name="test_crypto_chart_ethereum" time="0.188" /><testcase classname="backend.tests.test_crypto_backtest.TestCryptoEndpoints" name="test_crypto_search" time="0.106" /><testcase classname="backend.tests.test_crypto_backtest.TestCryptoEndpoints" name="test_crypto_market_overview" time="0.328" /><testcase classname="backend.tests.test_crypto_backtest.TestCryptoBacktest" name="test_backtest_bitcoin" time="0.171" /><testcase classname="backend.tests.test_crypto_backtest.TestCryptoBacktest" name="test_backtest_ethereum" time="0.235" /><testcase classname="backend.tests.test_crypto_backtest.TestExistingStockFeatures" name="test_stock_search" time="0.123" /><testcase classname="backend.tests.test_crypto_backtest.TestExistingStockFeatures" name="test_stock_bars" time="0.524" /><testcase classname="backend.tests.test_crypto_backtest.TestExistingStockFeatures" name="test_backtest_nse_stock" time="0.314" /><testcase classname="backend.tests.test_crypto_backtest.TestAPIHealth" name="test_api_root" time="0.103" /><testcase classname="backend.tests.test_crypto_backtest.TestAPIHealth" name="test_square_of_9" time="0.121" /></testsuite></testsuites>