<?xml version="1.0" encoding="utf-8"?><testsuites name="pytest tests"><testsuite name="pytest" errors="0" failures="0" skipped="0" tests="7" time="49.997" timestamp="2026-05-29T15:35:47.255789+00:00" hostname="agent-env-a38c81a1-438e-483e-adf4-134f4bacace9"><testcase classname="backend.tests.test_ensemble.TestEnsembleStatus" name="test_status" time="0.356" /><testcase classname="backend.tests.test_ensemble.TestEnsembleAsk" name="test_ask_free_form" time="21.906" /><testcase classname="backend.tests.test_ensemble.TestEnsembleSignal" name="test_signal_for_reliance" time="10.793" /><testcase classname="backend.tests.test_ensemble.TestGannOptimize" name="test_gann_optimize_reliance" time="15.405" /><testcase classname="backend.tests.test_ensemble.TestRegression" name="test_stock_search" time="1.235" /><testcase classname="backend.tests.test_ensemble.TestRegression" name="test_paper_trade_portfolio" time="0.127" /><testcase classname="backend.tests.test_ensemble.TestRegression" name="test_rl_agent_status" time="0.100" /></testsuite></testsuites>