<?xml version="1.0" encoding="utf-8"?><testsuites name="pytest tests"><testsuite name="pytest" errors="0" failures="0" skipped="0" tests="16" time="5.692" timestamp="2026-05-26T19:04:52.741406+00:00" hostname="agent-env-0743b220-1136-49b0-a23f-e5a39b8fb780"><testcase classname="backend.tests.test_viz_endpoints.TestCorrelationMatrix" name="test_correlation_matrix_status_200" time="0.758" /><testcase classname="backend.tests.test_viz_endpoints.TestCorrelationMatrix" name="test_correlation_matrix_response_structure" time="0.182" /><testcase classname="backend.tests.test_viz_endpoints.TestCorrelationMatrix" name="test_correlation_matrix_15_tickers" time="0.136" /><testcase classname="backend.tests.test_viz_endpoints.TestCorrelationMatrix" name="test_correlation_matrix_is_square" time="0.131" /><testcase classname="backend.tests.test_viz_endpoints.TestCorrelationMatrix" name="test_correlation_matrix_values_range" time="0.117" /><testcase classname="backend.tests.test_viz_endpoints.TestCorrelationMatrix" name="test_correlation_matrix_diagonal_is_one" time="0.118" /><testcase classname="backend.tests.test_viz_endpoints.TestCorrelationMatrix" name="test_correlation_matrix_period_3mo" time="0.103" /><testcase classname="backend.tests.test_viz_endpoints.TestCorrelationMatrix" name="test_correlation_matrix_tickers_no_ns_suffix" time="0.161" /><testcase classname="backend.tests.test_viz_endpoints.TestCorrelationMatrix" name="test_correlation_matrix_tickers_list" time="0.103" /><testcase classname="backend.tests.test_viz_endpoints.TestOptionsNetwork" name="test_options_network_nifty_status_200" time="0.829" /><testcase classname="backend.tests.test_viz_endpoints.TestOptionsNetwork" name="test_options_network_response_structure" time="0.627" /><testcase classname="backend.tests.test_viz_endpoints.TestOptionsNetwork" name="test_options_network_symbol_matches" time="0.358" /><testcase classname="backend.tests.test_viz_endpoints.TestOptionsNetwork" name="test_options_network_nodes_is_list" time="0.415" /><testcase classname="backend.tests.test_viz_endpoints.TestOptionsNetwork" name="test_options_network_edges_is_list" time="0.430" /><testcase classname="backend.tests.test_viz_endpoints.TestOptionsNetwork" name="test_options_network_graceful_fallback" time="0.803" /><testcase classname="backend.tests.test_viz_endpoints.TestOptionsNetwork" name="test_options_network_symbol_banknifty" time="0.384" /></testsuite></testsuites>