<?xml version="1.0" encoding="utf-8"?><testsuites name="pytest tests"><testsuite name="pytest" errors="0" failures="1" skipped="0" tests="11" time="3.886" timestamp="2026-05-26T15:19:05.917307+00:00" hostname="agent-env-e7def2a6-14e9-4fbf-a1cb-1733acf21701"><testcase classname="tests.test_stock_finder.TestStockFinderLargeCap" name="test_received_events" time="1.596" /><testcase classname="tests.test_stock_finder.TestStockFinderLargeCap" name="test_done_event_present" time="0.000" /><testcase classname="tests.test_stock_finder.TestStockFinderLargeCap" name="test_total_scanned_matches_large_universe" time="0.000" /><testcase classname="tests.test_stock_finder.TestStockFinderLargeCap" name="test_progress_events_count" time="0.000" /><testcase classname="tests.test_stock_finder.TestStockFinderLargeCap" name="test_progress_event_fields" time="0.000" /><testcase classname="tests.test_stock_finder.TestStockFinderLargeCap" name="test_result_event_schema" time="0.000" /><testcase classname="tests.test_stock_finder.TestStockFinderLargeCap" name="test_best_direction_is_buy_or_sell_only" time="0.000" /><testcase classname="tests.test_stock_finder.TestStockFinderLargeCap" name="test_result_cap_is_large" time="0.000" /><testcase classname="tests.test_stock_finder.TestStockFinderLargeCap" name="test_done_total_found_matches_result_count" time="0.000" /><testcase classname="tests.test_stock_finder.TestStockFinderMidCap" name="test_mid_cap_total_scanned" time="2.047" /><testcase classname="tests.test_stock_finder.TestStockFinderResponseHeaders" name="test_sse_headers" time="0.154"><failure message="AssertionError: assert 'no-store, no...st-revalidate' == 'no-cache'&#10;  &#10;  - no-cache&#10;  + no-store, no-cache, must-revalidate">tests/test_stock_finder.py:126: in test_sse_headers
    assert r.headers.get("cache-control", "").lower() == "no-cache"
E   AssertionError: assert 'no-store, no...st-revalidate' == 'no-cache'
E     
E     - no-cache
E     + no-store, no-cache, must-revalidate</failure></testcase></testsuite></testsuites>