<?xml version="1.0" encoding="utf-8"?><testsuites name="pytest tests"><testsuite name="pytest" errors="0" failures="0" skipped="0" tests="25" time="7.448" timestamp="2026-06-06T12:46:23.964136+00:00" hostname="agent-env-5ef01243-7a68-441c-afef-1ff5cbbaf909"><testcase classname="backend.tests.test_phase3_robo_trader.TestLoopStatus" name="test_loop_status_returns_200" time="0.885" /><testcase classname="backend.tests.test_phase3_robo_trader.TestLoopStatus" name="test_loop_status_structure" time="0.120" /><testcase classname="backend.tests.test_phase3_robo_trader.TestLoopStatus" name="test_loop_status_loop_fields" time="0.114" /><testcase classname="backend.tests.test_phase3_robo_trader.TestPositions" name="test_positions_returns_200" time="0.101" /><testcase classname="backend.tests.test_phase3_robo_trader.TestPositions" name="test_positions_structure" time="0.139" /><testcase classname="backend.tests.test_phase3_robo_trader.TestOrders" name="test_orders_returns_200" time="0.097" /><testcase classname="backend.tests.test_phase3_robo_trader.TestOrders" name="test_orders_structure" time="0.096" /><testcase classname="backend.tests.test_phase3_robo_trader.TestModeSwitch" name="test_mode_paper_returns_success" time="0.201" /><testcase classname="backend.tests.test_phase3_robo_trader.TestModeSwitch" name="test_mode_shadow_returns_success" time="0.280" /><testcase classname="backend.tests.test_phase3_robo_trader.TestModeSwitch" name="test_mode_live_fails_without_api_key" time="0.247" /><testcase classname="backend.tests.test_phase3_robo_trader.TestModeSwitch" name="test_mode_invalid_returns_failure" time="0.227" /><testcase classname="backend.tests.test_phase3_robo_trader.TestSetInterval" name="test_set_interval_10" time="0.108" /><testcase classname="backend.tests.test_phase3_robo_trader.TestSetInterval" name="test_set_interval_5_reset" time="0.133" /><testcase classname="backend.tests.test_phase3_robo_trader.TestSetInterval" name="test_set_interval_boundary_max" time="0.142" /><testcase classname="backend.tests.test_phase3_robo_trader.TestStartStop" name="test_start_loop_success" time="0.756" /><testcase classname="backend.tests.test_phase3_robo_trader.TestStartStop" name="test_loop_status_running_after_start" time="0.767" /><testcase classname="backend.tests.test_phase3_robo_trader.TestStartStop" name="test_stop_loop_success" time="0.202" /><testcase classname="backend.tests.test_phase3_robo_trader.TestStartStop" name="test_loop_stopped_after_stop" time="0.767" /><testcase classname="backend.tests.test_phase3_robo_trader.TestStartStop" name="test_double_start_fails" time="0.946" /><testcase classname="backend.tests.test_phase3_robo_trader.TestCloseAll" name="test_close_all_returns_success" time="0.263" /><testcase classname="backend.tests.test_phase3_robo_trader.TestCloseAll" name="test_close_all_closed_count_zero_no_positions" time="0.121" /><testcase classname="backend.tests.test_phase3_robo_trader.TestRoboStatus" name="test_status_returns_200" time="0.110" /><testcase classname="backend.tests.test_phase3_robo_trader.TestRoboStatus" name="test_status_has_required_fields" time="0.116" /><testcase classname="backend.tests.test_phase3_robo_trader.TestRoboSettings" name="test_settings_returns_200" time="0.304" /><testcase classname="backend.tests.test_phase3_robo_trader.TestRoboSettings" name="test_settings_has_required_fields" time="0.095" /></testsuite></testsuites>