<?xml version="1.0" encoding="utf-8"?><testsuites name="pytest tests"><testsuite name="pytest" errors="0" failures="0" skipped="0" tests="21" time="3.205" timestamp="2026-05-26T01:48:00.840581+00:00" hostname="agent-env-e7def2a6-14e9-4fbf-a1cb-1733acf21701"><testcase classname="backend.tests.test_paper_trading.TestPaperPortfolioReset" name="test_reset_portfolio_returns_200" time="0.429" /><testcase classname="backend.tests.test_paper_trading.TestPaperPortfolioGet" name="test_get_portfolio_returns_200" time="0.077" /><testcase classname="backend.tests.test_paper_trading.TestPaperPortfolioGet" name="test_get_portfolio_has_required_fields" time="0.085" /><testcase classname="backend.tests.test_paper_trading.TestPaperPortfolioGet" name="test_get_portfolio_initial_balance_is_500000" time="0.053" /><testcase classname="backend.tests.test_paper_trading.TestPaperPortfolioGet" name="test_get_portfolio_current_balance_is_500000_after_reset" time="0.051" /><testcase classname="backend.tests.test_paper_trading.TestPaperPlaceOrder" name="test_place_buy_order_returns_201" time="0.059" /><testcase classname="backend.tests.test_paper_trading.TestPaperPlaceOrder" name="test_place_order_deducts_from_balance" time="0.513" /><testcase classname="backend.tests.test_paper_trading.TestPaperPlaceOrder" name="test_place_sell_order" time="0.055" /><testcase classname="backend.tests.test_paper_trading.TestPaperPlaceOrder" name="test_place_order_insufficient_balance" time="0.054" /><testcase classname="backend.tests.test_paper_trading.TestPaperPositions" name="test_get_positions_returns_200" time="0.179" /><testcase classname="backend.tests.test_paper_trading.TestPaperPositions" name="test_get_positions_has_correct_structure" time="0.107" /><testcase classname="backend.tests.test_paper_trading.TestPaperPositions" name="test_get_positions_shows_placed_orders" time="0.115" /><testcase classname="backend.tests.test_paper_trading.TestPaperHistory" name="test_get_history_returns_200" time="0.050" /><testcase classname="backend.tests.test_paper_trading.TestPaperHistory" name="test_get_history_has_correct_structure" time="0.055" /><testcase classname="backend.tests.test_paper_trading.TestPaperClosePosition" name="test_close_position_returns_200" time="0.160" /><testcase classname="backend.tests.test_paper_trading.TestPaperClosePosition" name="test_close_position_updates_portfolio_balance" time="0.309" /><testcase classname="backend.tests.test_paper_trading.TestPaperClosePosition" name="test_close_position_updates_history" time="0.173" /><testcase classname="backend.tests.test_paper_trading.TestPaperClosePosition" name="test_close_nonexistent_position_returns_404" time="0.062" /><testcase classname="backend.tests.test_paper_trading.TestPortfolioStats" name="test_total_trades_count_increases_after_close" time="0.212" /><testcase classname="backend.tests.test_paper_trading.TestPortfolioStats" name="test_winning_trade_increases_win_count" time="0.199" /><testcase classname="backend.tests.test_paper_trading.TestPortfolioStats" name="test_sl_hit_status_on_close_below_sl" time="0.099" /></testsuite></testsuites>