<?xml version="1.0" encoding="utf-8"?><testsuites name="pytest tests"><testsuite name="pytest" errors="0" failures="0" skipped="0" tests="5" time="16.127" timestamp="2026-05-13T09:50:47.192765+00:00" hostname="agent-env-d48f22b9-a988-4d20-9672-9b71ab9ced2b"><testcase classname="backend.tests.test_news_mirofish.TestNewsEndpoint" name="test_get_news_reliance" time="0.551" /><testcase classname="backend.tests.test_news_mirofish.TestNewsEndpoint" name="test_get_news_tcs" time="0.162" /><testcase classname="backend.tests.test_news_mirofish.TestNewsEndpoint" name="test_get_news_invalid_ticker" time="0.123" /><testcase classname="backend.tests.test_news_mirofish.TestMiroFishAnalyze" name="test_min_bars_required" time="0.052" /><testcase classname="backend.tests.test_news_mirofish.TestMiroFishAnalyze" name="test_mirofish_returns_swarm_consensus" time="15.161" /></testsuite></testsuites>