<?xml version="1.0" encoding="utf-8"?><testsuites name="pytest tests"><testsuite name="pytest" errors="0" failures="0" skipped="0" tests="16" time="3.733" timestamp="2026-05-29T16:24:53.729864+00:00" hostname="agent-env-80e830cf-70de-4900-9cd7-21405d2d7f8d"><testcase classname="backend.tests.test_sector_picker.TestSectorPickerRRG" name="test_rrg_returns_200" time="0.532" /><testcase classname="backend.tests.test_sector_picker.TestSectorPickerRRG" name="test_rrg_response_structure" time="0.109" /><testcase classname="backend.tests.test_sector_picker.TestSectorPickerRRG" name="test_rrg_returns_sectors" time="0.107" /><testcase classname="backend.tests.test_sector_picker.TestSectorPickerRRG" name="test_rrg_sector_fields" time="0.127" /><testcase classname="backend.tests.test_sector_picker.TestSectorPickerRRG" name="test_rrg_quadrant_logic" time="0.105" /><testcase classname="backend.tests.test_sector_picker.TestSectorPickerRRG" name="test_rrg_trail_structure" time="0.156" /><testcase classname="backend.tests.test_sector_picker.TestSectorPickerRRG" name="test_rrg_caching" time="0.256" /><testcase classname="backend.tests.test_sector_picker.TestSectorPickerStocks" name="test_pharma_stocks_200" time="0.382" /><testcase classname="backend.tests.test_sector_picker.TestSectorPickerStocks" name="test_pharma_stocks_structure" time="0.107" /><testcase classname="backend.tests.test_sector_picker.TestSectorPickerStocks" name="test_pharma_stocks_fields" time="0.118" /><testcase classname="backend.tests.test_sector_picker.TestSectorPickerStocks" name="test_pharma_stocks_valid_prices" time="0.109" /><testcase classname="backend.tests.test_sector_picker.TestSectorPickerStocks" name="test_banking_stocks_200" time="0.546" /><testcase classname="backend.tests.test_sector_picker.TestSectorPickerStocks" name="test_banking_stocks_valid_prices" time="0.135" /><testcase classname="backend.tests.test_sector_picker.TestSectorPickerStocks" name="test_unknown_sector_returns_empty" time="0.125" /><testcase classname="backend.tests.test_sector_picker.TestSectorPickerCache" name="test_cache_clear_returns_200" time="0.103" /><testcase classname="backend.tests.test_sector_picker.TestSectorPickerCache" name="test_after_cache_clear_next_rrg_not_cached" time="0.622" /></testsuite></testsuites>