<?xml version="1.0" encoding="utf-8"?><testsuites name="pytest tests"><testsuite name="pytest" errors="0" failures="0" skipped="0" tests="21" time="12.348" timestamp="2026-05-26T17:24:33.875909+00:00" hostname="agent-env-5e7ceba8-b364-4963-a386-e5817000ae72"><testcase classname="backend.tests.test_weighted_confluence_mtf_scanner.TestWeightedConfluence" name="test_auto_scan_returns_200" time="3.752" /><testcase classname="backend.tests.test_weighted_confluence_mtf_scanner.TestWeightedConfluence" name="test_response_has_confluence_score_field" time="0.301" /><testcase classname="backend.tests.test_weighted_confluence_mtf_scanner.TestWeightedConfluence" name="test_response_has_confluence_label" time="0.180" /><testcase classname="backend.tests.test_weighted_confluence_mtf_scanner.TestWeightedConfluence" name="test_confluence_label_matches_score_thresholds" time="0.208" /><testcase classname="backend.tests.test_weighted_confluence_mtf_scanner.TestWeightedConfluence" name="test_response_has_dominant_direction" time="0.190" /><testcase classname="backend.tests.test_weighted_confluence_mtf_scanner.TestWeightedConfluence" name="test_confluence_score_is_weighted_not_flat" time="0.184" /><testcase classname="backend.tests.test_weighted_confluence_mtf_scanner.TestWeightedConfluence" name="test_aligned_count_present" time="0.163" /><testcase classname="backend.tests.test_weighted_confluence_mtf_scanner.TestWeightedConfluence" name="test_no_nan_in_response" time="0.177" /><testcase classname="backend.tests.test_weighted_confluence_mtf_scanner.TestMultiTFScannerSSE" name="test_returns_200_with_event_stream_content_type" time="1.458" /><testcase classname="backend.tests.test_weighted_confluence_mtf_scanner.TestMultiTFScannerSSE" name="test_sse_headers_include_cache_control_no_cache" time="0.137" /><testcase classname="backend.tests.test_weighted_confluence_mtf_scanner.TestMultiTFScannerSSE" name="test_index_segment_returns_progress_events" time="0.523" /><testcase classname="backend.tests.test_weighted_confluence_mtf_scanner.TestMultiTFScannerSSE" name="test_index_segment_returns_done_event" time="0.419" /><testcase classname="backend.tests.test_weighted_confluence_mtf_scanner.TestMultiTFScannerSSE" name="test_done_event_has_total_scanned_4_for_index" time="0.355" /><testcase classname="backend.tests.test_weighted_confluence_mtf_scanner.TestMultiTFScannerSSE" name="test_result_events_have_required_fields" time="0.577" /><testcase classname="backend.tests.test_weighted_confluence_mtf_scanner.TestMultiTFScannerSSE" name="test_result_tf_signals_contain_requested_timeframes" time="0.632" /><testcase classname="backend.tests.test_weighted_confluence_mtf_scanner.TestMultiTFScannerSSE" name="test_result_dominant_direction_is_buy_or_sell" time="0.804" /><testcase classname="backend.tests.test_weighted_confluence_mtf_scanner.TestMultiTFScannerSSE" name="test_result_overall_score_in_range" time="0.457" /><testcase classname="backend.tests.test_weighted_confluence_mtf_scanner.TestMultiTFScannerSSE" name="test_result_mtf_confluence_in_valid_range" time="0.468" /><testcase classname="backend.tests.test_weighted_confluence_mtf_scanner.TestMultiTFScannerSSE" name="test_done_total_found_matches_result_event_count" time="0.499" /><testcase classname="backend.tests.test_weighted_confluence_mtf_scanner.TestMultiTFScannerSSE" name="test_banknifty_segment_1d_only" time="0.515" /><testcase classname="backend.tests.test_weighted_confluence_mtf_scanner.TestMultiTFScannerSSE" name="test_no_nan_in_sse_events" time="0.300" /></testsuite></testsuites>