<?xml version="1.0" encoding="utf-8"?><testsuites name="pytest tests"><testsuite name="pytest" errors="0" failures="0" skipped="0" tests="6" time="3.165" timestamp="2026-05-13T10:36:09.695448+00:00" hostname="agent-env-d48f22b9-a988-4d20-9672-9b71ab9ced2b"><testcase classname="backend.tests.test_auto_scan_mirofish.TestAutoScanMiroFish" name="test_first_scan_returns_signals" time="2.176" /><testcase classname="backend.tests.test_auto_scan_mirofish.TestAutoScanMiroFish" name="test_signals_have_required_fields" time="0.000" /><testcase classname="backend.tests.test_auto_scan_mirofish.TestAutoScanMiroFish" name="test_mirofish_or_cached_present" time="0.000" /><testcase classname="backend.tests.test_auto_scan_mirofish.TestAutoScanMiroFish" name="test_other_strategies_alongside" time="0.000" /><testcase classname="backend.tests.test_auto_scan_mirofish.TestAutoScanMiroFish" name="test_caching_faster_second_call" time="0.086" /><testcase classname="backend.tests.test_auto_scan_mirofish.TestAutoScanMiroFish" name="test_invalid_ticker_graceful" time="0.845" /></testsuite></testsuites>